[debug] [2021-08-12T11:24:08.607Z] ----------------------------------------------------------------------
[debug] [2021-08-12T11:24:08.611Z] Command:       C:\Program Files\nodejs\node.exe C:\Users\024ja\AppData\Roaming\npm\node_modules\firebase-tools\lib\bin\firebase.js deploy
[debug] [2021-08-12T11:24:08.612Z] CLI Version:   9.16.2
[debug] [2021-08-12T11:24:08.612Z] Platform:      win32
[debug] [2021-08-12T11:24:08.612Z] Node Version:  v14.17.3
[debug] [2021-08-12T11:24:08.625Z] Time:          Thu Aug 12 2021 16:24:08 GMT+0500 (Pakistan Standard Time)
[debug] [2021-08-12T11:24:08.626Z] ----------------------------------------------------------------------
[debug] 
[debug] [2021-08-12T11:24:08.747Z] > command requires scopes: ["email","openid","https://www.googleapis.com/auth/cloudplatformprojects.readonly","https://www.googleapis.com/auth/firebase","https://www.googleapis.com/auth/cloud-platform"]
[debug] [2021-08-12T11:24:08.748Z] > authorizing via signed-in user (024jawadali@gmail.com)
[debug] [2021-08-12T11:24:08.748Z] [iam] checking project poultry-farming-platform for permissions ["firebase.projects.get","firebasehosting.sites.update"]
[debug] [2021-08-12T11:24:08.779Z] > refreshing access token with scopes: ["email","https://www.googleapis.com/auth/cloud-platform","https://www.googleapis.com/auth/cloudplatformprojects.readonly","https://www.googleapis.com/auth/firebase","openid"]
[debug] [2021-08-12T11:24:08.779Z] >>> HTTP REQUEST POST https://www.googleapis.com/oauth2/v3/token  
 <request body omitted>
[debug] [2021-08-12T11:24:14.511Z] <<< HTTP RESPONSE 200 {"cache-control":"no-cache, no-store, max-age=0, must-revalidate","date":"Thu, 12 Aug 2021 11:24:14 GMT","expires":"Mon, 01 Jan 1990 00:00:00 GMT","pragma":"no-cache","content-type":"application/json; charset=utf-8","vary":"X-Origin, Referer, Origin,Accept-Encoding","server":"scaffolding on HTTPServer2","x-xss-protection":"0","x-frame-options":"SAMEORIGIN","x-content-type-options":"nosniff","alt-svc":"h3=\":443\"; ma=2592000,h3-29=\":443\"; ma=2592000,h3-T051=\":443\"; ma=2592000,h3-Q050=\":443\"; ma=2592000,h3-Q046=\":443\"; ma=2592000,h3-Q043=\":443\"; ma=2592000,quic=\":443\"; ma=2592000; v=\"46,43\"","accept-ranges":"none","transfer-encoding":"chunked"}
[debug] [2021-08-12T11:24:14.553Z] >>> HTTP REQUEST POST https://cloudresourcemanager.googleapis.com/v1/projects/poultry-farming-platform:testIamPermissions  
 {"permissions":["firebase.projects.get","firebasehosting.sites.update"]}
[debug] [2021-08-12T11:24:19.366Z] <<< HTTP RESPONSE 200 {"content-type":"application/json; charset=UTF-8","vary":"X-Origin, Referer, Origin,Accept-Encoding","date":"Thu, 12 Aug 2021 11:24:17 GMT","server":"ESF","cache-control":"private","x-xss-protection":"0","x-frame-options":"SAMEORIGIN","x-content-type-options":"nosniff","server-timing":"gfet4t7; dur=1305","alt-svc":"h3=\":443\"; ma=2592000,h3-29=\":443\"; ma=2592000,h3-T051=\":443\"; ma=2592000,h3-Q050=\":443\"; ma=2592000,h3-Q046=\":443\"; ma=2592000,h3-Q043=\":443\"; ma=2592000,quic=\":443\"; ma=2592000; v=\"46,43\"","accept-ranges":"none","transfer-encoding":"chunked"}
[debug] [2021-08-12T11:24:19.367Z] [iam] error while checking permissions, command may fail: FirebaseError: Authorization failed. This account is missing the following required permissions on project poultry-farming-platform:

  firebase.projects.get
  firebasehosting.sites.update
[debug] [2021-08-12T11:24:19.371Z] > refreshing access token with scopes: []
[debug] [2021-08-12T11:24:19.371Z] >>> HTTP REQUEST POST https://www.googleapis.com/oauth2/v3/token  
 <request body omitted>
[debug] [2021-08-12T11:24:22.730Z] <<< HTTP RESPONSE 200 {"pragma":"no-cache","expires":"Mon, 01 Jan 1990 00:00:00 GMT","date":"Thu, 12 Aug 2021 11:24:22 GMT","cache-control":"no-cache, no-store, max-age=0, must-revalidate","content-type":"application/json; charset=utf-8","vary":"X-Origin, Referer, Origin,Accept-Encoding","server":"scaffolding on HTTPServer2","x-xss-protection":"0","x-frame-options":"SAMEORIGIN","x-content-type-options":"nosniff","alt-svc":"h3=\":443\"; ma=2592000,h3-29=\":443\"; ma=2592000,h3-T051=\":443\"; ma=2592000,h3-Q050=\":443\"; ma=2592000,h3-Q046=\":443\"; ma=2592000,h3-Q043=\":443\"; ma=2592000,quic=\":443\"; ma=2592000; v=\"46,43\"","accept-ranges":"none","transfer-encoding":"chunked"}
[debug] [2021-08-12T11:24:22.772Z] >>> [apiv2][query] GET https://firebase.googleapis.com/v1beta1/projects/poultry-farming-platform [none]
[debug] [2021-08-12T11:24:25.094Z] <<< [apiv2][status] GET https://firebase.googleapis.com/v1beta1/projects/poultry-farming-platform 403
[debug] [2021-08-12T11:24:25.095Z] <<< [apiv2][body] GET https://firebase.googleapis.com/v1beta1/projects/poultry-farming-platform {"error":{"code":403,"message":"The caller does not have permission","status":"PERMISSION_DENIED"}}
[debug] [2021-08-12T11:24:25.096Z] HTTP Error: 403, The caller does not have permission
[debug] [2021-08-12T11:24:25.100Z] FirebaseError: HTTP Error: 403, The caller does not have permission
    at module.exports (C:\Users\024ja\AppData\Roaming\npm\node_modules\firebase-tools\lib\responseToError.js:38:12)
    at Client.doRequest (C:\Users\024ja\AppData\Roaming\npm\node_modules\firebase-tools\lib\apiv2.js:238:23)
    at processTicksAndRejections (internal/process/task_queues.js:95:5)
    at async Client.request (C:\Users\024ja\AppData\Roaming\npm\node_modules\firebase-tools\lib\apiv2.js:96:20)
    at async Object.getFirebaseProject (C:\Users\024ja\AppData\Roaming\npm\node_modules\firebase-tools\lib\management\projects.js:290:21)
    at async Object.getDefaultHostingSite (C:\Users\024ja\AppData\Roaming\npm\node_modules\firebase-tools\lib\getDefaultHostingSite.js:8:21)
    at async requireHostingSite (C:\Users\024ja\AppData\Roaming\npm\node_modules\firebase-tools\lib\requireHostingSite.js:9:18)
    at async Object.fn (C:\Users\024ja\AppData\Roaming\npm\node_modules\firebase-tools\lib\commands\deploy.js:65:9)
    at async C:\Users\024ja\AppData\Roaming\npm\node_modules\firebase-tools\lib\command.js:182:17
[error] 
[error] Error: Failed to get Firebase project poultry-farming-platform. Please make sure the project exists and your account has permission to access it.
[debug] [2021-08-12T11:25:23.589Z] ----------------------------------------------------------------------
[debug] [2021-08-12T11:25:23.595Z] Command:       C:\Program Files\nodejs\node.exe C:\Users\024ja\AppData\Roaming\npm\node_modules\firebase-tools\lib\bin\firebase.js deploy
[debug] [2021-08-12T11:25:23.596Z] CLI Version:   9.16.2
[debug] [2021-08-12T11:25:23.597Z] Platform:      win32
[debug] [2021-08-12T11:25:23.597Z] Node Version:  v14.17.3
[debug] [2021-08-12T11:25:23.598Z] Time:          Thu Aug 12 2021 16:25:23 GMT+0500 (Pakistan Standard Time)
[debug] [2021-08-12T11:25:23.598Z] ----------------------------------------------------------------------
[debug] 
[debug] [2021-08-12T11:25:23.722Z] > command requires scopes: ["email","openid","https://www.googleapis.com/auth/cloudplatformprojects.readonly","https://www.googleapis.com/auth/firebase","https://www.googleapis.com/auth/cloud-platform"]
[debug] [2021-08-12T11:25:23.723Z] > authorizing via signed-in user (024jawadali@gmail.com)
[debug] [2021-08-12T11:25:23.723Z] [iam] checking project poultry-farming-platform for permissions ["firebase.projects.get","firebasehosting.sites.update"]
[debug] [2021-08-12T11:25:23.727Z] > refreshing access token with scopes: ["email","https://www.googleapis.com/auth/cloud-platform","https://www.googleapis.com/auth/cloudplatformprojects.readonly","https://www.googleapis.com/auth/firebase","openid"]
[debug] [2021-08-12T11:25:23.728Z] >>> HTTP REQUEST POST https://www.googleapis.com/oauth2/v3/token  
 <request body omitted>
[debug] [2021-08-12T11:25:26.674Z] <<< HTTP RESPONSE 200 {"expires":"Mon, 01 Jan 1990 00:00:00 GMT","date":"Thu, 12 Aug 2021 11:25:26 GMT","cache-control":"no-cache, no-store, max-age=0, must-revalidate","pragma":"no-cache","content-type":"application/json; charset=utf-8","vary":"X-Origin, Referer, Origin,Accept-Encoding","server":"scaffolding on HTTPServer2","x-xss-protection":"0","x-frame-options":"SAMEORIGIN","x-content-type-options":"nosniff","alt-svc":"h3=\":443\"; ma=2592000,h3-29=\":443\"; ma=2592000,h3-T051=\":443\"; ma=2592000,h3-Q050=\":443\"; ma=2592000,h3-Q046=\":443\"; ma=2592000,h3-Q043=\":443\"; ma=2592000,quic=\":443\"; ma=2592000; v=\"46,43\"","accept-ranges":"none","transfer-encoding":"chunked"}
[debug] [2021-08-12T11:25:26.706Z] >>> HTTP REQUEST POST https://cloudresourcemanager.googleapis.com/v1/projects/poultry-farming-platform:testIamPermissions  
 {"permissions":["firebase.projects.get","firebasehosting.sites.update"]}
[debug] [2021-08-12T11:25:28.586Z] <<< HTTP RESPONSE 200 {"content-type":"application/json; charset=UTF-8","vary":"X-Origin, Referer, Origin,Accept-Encoding","date":"Thu, 12 Aug 2021 11:25:28 GMT","server":"ESF","cache-control":"private","x-xss-protection":"0","x-frame-options":"SAMEORIGIN","x-content-type-options":"nosniff","server-timing":"gfet4t7; dur=1243","alt-svc":"h3=\":443\"; ma=2592000,h3-29=\":443\"; ma=2592000,h3-T051=\":443\"; ma=2592000,h3-Q050=\":443\"; ma=2592000,h3-Q046=\":443\"; ma=2592000,h3-Q043=\":443\"; ma=2592000,quic=\":443\"; ma=2592000; v=\"46,43\"","accept-ranges":"none","transfer-encoding":"chunked"}
[debug] [2021-08-12T11:25:28.587Z] [iam] error while checking permissions, command may fail: FirebaseError: Authorization failed. This account is missing the following required permissions on project poultry-farming-platform:

  firebase.projects.get
  firebasehosting.sites.update
[debug] [2021-08-12T11:25:28.590Z] > refreshing access token with scopes: []
[debug] [2021-08-12T11:25:28.590Z] >>> HTTP REQUEST POST https://www.googleapis.com/oauth2/v3/token  
 <request body omitted>
[debug] [2021-08-12T11:25:31.655Z] <<< HTTP RESPONSE 200 {"cache-control":"no-cache, no-store, max-age=0, must-revalidate","date":"Thu, 12 Aug 2021 11:25:31 GMT","expires":"Mon, 01 Jan 1990 00:00:00 GMT","pragma":"no-cache","content-type":"application/json; charset=utf-8","vary":"X-Origin, Referer, Origin,Accept-Encoding","server":"scaffolding on HTTPServer2","x-xss-protection":"0","x-frame-options":"SAMEORIGIN","x-content-type-options":"nosniff","alt-svc":"h3=\":443\"; ma=2592000,h3-29=\":443\"; ma=2592000,h3-T051=\":443\"; ma=2592000,h3-Q050=\":443\"; ma=2592000,h3-Q046=\":443\"; ma=2592000,h3-Q043=\":443\"; ma=2592000,quic=\":443\"; ma=2592000; v=\"46,43\"","accept-ranges":"none","transfer-encoding":"chunked"}
[debug] [2021-08-12T11:25:31.698Z] >>> [apiv2][query] GET https://firebase.googleapis.com/v1beta1/projects/poultry-farming-platform [none]
[debug] [2021-08-12T11:25:32.949Z] <<< [apiv2][status] GET https://firebase.googleapis.com/v1beta1/projects/poultry-farming-platform 403
[debug] [2021-08-12T11:25:32.950Z] <<< [apiv2][body] GET https://firebase.googleapis.com/v1beta1/projects/poultry-farming-platform {"error":{"code":403,"message":"The caller does not have permission","status":"PERMISSION_DENIED"}}
[debug] [2021-08-12T11:25:32.950Z] HTTP Error: 403, The caller does not have permission
[debug] [2021-08-12T11:25:32.952Z] FirebaseError: HTTP Error: 403, The caller does not have permission
    at module.exports (C:\Users\024ja\AppData\Roaming\npm\node_modules\firebase-tools\lib\responseToError.js:38:12)
    at Client.doRequest (C:\Users\024ja\AppData\Roaming\npm\node_modules\firebase-tools\lib\apiv2.js:238:23)
    at processTicksAndRejections (internal/process/task_queues.js:95:5)
    at async Client.request (C:\Users\024ja\AppData\Roaming\npm\node_modules\firebase-tools\lib\apiv2.js:96:20)
    at async Object.getFirebaseProject (C:\Users\024ja\AppData\Roaming\npm\node_modules\firebase-tools\lib\management\projects.js:290:21)
    at async Object.getDefaultHostingSite (C:\Users\024ja\AppData\Roaming\npm\node_modules\firebase-tools\lib\getDefaultHostingSite.js:8:21)
    at async requireHostingSite (C:\Users\024ja\AppData\Roaming\npm\node_modules\firebase-tools\lib\requireHostingSite.js:9:18)
    at async Object.fn (C:\Users\024ja\AppData\Roaming\npm\node_modules\firebase-tools\lib\commands\deploy.js:65:9)
    at async C:\Users\024ja\AppData\Roaming\npm\node_modules\firebase-tools\lib\command.js:182:17
[error] 
[error] Error: Failed to get Firebase project poultry-farming-platform. Please make sure the project exists and your account has permission to access it.
